[debug] [2023-07-25T22:03:46.669Z] ----------------------------------------------------------------------
[debug] [2023-07-25T22:03:46.671Z] Command:       C:\Program Files\nodejs\node.exe C:\Users\avkav\AppData\Roaming\npm\node_modules\firebase-tools\lib\bin\firebase.js deploy
[debug] [2023-07-25T22:03:46.672Z] CLI Version:   11.3.0
[debug] [2023-07-25T22:03:46.672Z] Platform:      win32
[debug] [2023-07-25T22:03:46.672Z] Node Version:  v18.12.0
[debug] [2023-07-25T22:03:46.673Z] Time:          Wed Jul 26 2023 00:03:46 GMT+0200 (hora de verano de Europa central)
[debug] [2023-07-25T22:03:46.673Z] ----------------------------------------------------------------------
[debug] 
[debug] [2023-07-25T22:03:46.676Z] >>> [apiv2][query] GET https://firebase-public.firebaseio.com/cli.json [none]
[debug] [2023-07-25T22:03:46.769Z] > command requires scopes: ["email","openid","https://www.googleapis.com/auth/cloudplatformprojects.readonly","https://www.googleapis.com/auth/firebase","https://www.googleapis.com/auth/cloud-platform"]
[debug] [2023-07-25T22:03:46.770Z] > authorizing via signed-in user (avkavrecic@gmail.com)
[debug] [2023-07-25T22:03:46.770Z] [iam] checking project frontendakportfolio for permissions ["firebase.projects.get","firebasehosting.sites.update"]
[debug] [2023-07-25T22:03:46.771Z] > refreshing access token with scopes: []
[debug] [2023-07-25T22:03:46.771Z] >>> [apiv2][query] POST https://www.googleapis.com/oauth2/v3/token [none]
[debug] [2023-07-25T22:03:46.771Z] >>> [apiv2][body] POST https://www.googleapis.com/oauth2/v3/token [omitted]
[debug] [2023-07-25T22:03:47.102Z] <<< [apiv2][status] GET https://firebase-public.firebaseio.com/cli.json 200
[debug] [2023-07-25T22:03:47.103Z] <<< [apiv2][body] GET https://firebase-public.firebaseio.com/cli.json {"cloudBuildErrorAfter":1594252800000,"cloudBuildWarnAfter":1590019200000,"defaultNode10After":1594252800000,"minVersion":"3.0.5","node8DeploysDisabledAfter":1613390400000,"node8RuntimeDisabledAfter":1615809600000,"node8WarnAfter":1600128000000}
[debug] [2023-07-25T22:03:47.191Z] <<< [apiv2][status] POST https://www.googleapis.com/oauth2/v3/token 400
[debug] [2023-07-25T22:03:47.192Z] <<< [apiv2][body] POST https://www.googleapis.com/oauth2/v3/token [omitted]
[debug] [2023-07-25T22:03:47.192Z] >>> [apiv2][query] POST https://cloudresourcemanager.googleapis.com/v1/projects/frontendakportfolio:testIamPermissions [none]
[debug] [2023-07-25T22:03:47.192Z] >>> [apiv2][body] POST https://cloudresourcemanager.googleapis.com/v1/projects/frontendakportfolio:testIamPermissions {"permissions":["firebase.projects.get","firebasehosting.sites.update"]}
[debug] [2023-07-25T22:03:48.762Z] <<< [apiv2][status] POST https://cloudresourcemanager.googleapis.com/v1/projects/frontendakportfolio:testIamPermissions 401
[debug] [2023-07-25T22:03:48.762Z] <<< [apiv2][body] POST https://cloudresourcemanager.googleapis.com/v1/projects/frontendakportfolio:testIamPermissions {"error":{"code":401,"message":"Request had invalid authentication credentials. Expected OAuth 2 access token, login cookie or other valid authentication credential. See https://developers.google.com/identity/sign-in/web/devconsole-project.","status":"UNAUTHENTICATED","details":[{"@type":"type.googleapis.com/google.rpc.ErrorInfo","reason":"ACCESS_TOKEN_TYPE_UNSUPPORTED","metadata":{"service":"cloudresourcemanager.googleapis.com","method":"google.cloudresourcemanager.v1.Projects.TestIamPermissions"}}]}}
[debug] [2023-07-25T22:03:48.765Z] [iam] error while checking permissions, command may fail: FirebaseError: HTTP Error: 401, Request had invalid authentication credentials. Expected OAuth 2 access token, login cookie or other valid authentication credential. See https://developers.google.com/identity/sign-in/web/devconsole-project.
[debug] [2023-07-25T22:03:48.765Z] > refreshing access token with scopes: []
[debug] [2023-07-25T22:03:48.766Z] >>> [apiv2][query] POST https://www.googleapis.com/oauth2/v3/token [none]
[debug] [2023-07-25T22:03:48.766Z] >>> [apiv2][body] POST https://www.googleapis.com/oauth2/v3/token [omitted]
[debug] [2023-07-25T22:03:49.168Z] <<< [apiv2][status] POST https://www.googleapis.com/oauth2/v3/token 400
[debug] [2023-07-25T22:03:49.168Z] <<< [apiv2][body] POST https://www.googleapis.com/oauth2/v3/token [omitted]
[debug] [2023-07-25T22:03:49.171Z] >>> [apiv2][query] GET https://firebase.googleapis.com/v1beta1/projects/frontendakportfolio [none]
[debug] [2023-07-25T22:03:50.159Z] <<< [apiv2][status] GET https://firebase.googleapis.com/v1beta1/projects/frontendakportfolio 401
[debug] [2023-07-25T22:03:50.159Z] <<< [apiv2][body] GET https://firebase.googleapis.com/v1beta1/projects/frontendakportfolio {"error":{"code":401,"message":"Request had invalid authentication credentials. Expected OAuth 2 access token, login cookie or other valid authentication credential. See https://developers.google.com/identity/sign-in/web/devconsole-project.","status":"UNAUTHENTICATED"}}
[debug] [2023-07-25T22:03:50.160Z] HTTP Error: 401, Request had invalid authentication credentials. Expected OAuth 2 access token, login cookie or other valid authentication credential. See https://developers.google.com/identity/sign-in/web/devconsole-project.
[debug] [2023-07-25T22:03:50.162Z] FirebaseError: HTTP Error: 401, Request had invalid authentication credentials. Expected OAuth 2 access token, login cookie or other valid authentication credential. See https://developers.google.com/identity/sign-in/web/devconsole-project.
    at responseToError (C:\Users\avkav\AppData\Roaming\npm\node_modules\firebase-tools\lib\responseToError.js:49:12)
    at RetryOperation._fn (C:\Users\avkav\AppData\Roaming\npm\node_modules\firebase-tools\lib\apiv2.js:287:77)
    at process.processTicksAndRejections (node:internal/process/task_queues:95:5)
[error] 
[error] Error: Failed to get Firebase project frontendakportfolio. Please make sure the project exists and your account has permission to access it.
